[INFO]  Mode: Apply Changes
[INFO]  Root: G:\Git\bardos-do-mondego\docs\dm\locations
[INFO]  Blank source: G:\Git\bardos-do-mondego\tools\blank.png
[FIXED] G:\Git\bardos-do-mondego\docs\dm\locations\aldeia_abandonada.md  replaced: 1  copied blank: 0
[FIXED] G:\Git\bardos-do-mondego\docs\dm\locations\altar_de_celestia.md  replaced: 1  copied blank: 0
[FIXED] G:\Git\bardos-do-mondego\docs\dm\locations\blackstone.md  replaced: 1  copied blank: 0
[FIXED] G:\Git\bardos-do-mondego\docs\dm\locations\bosque_proximo.md  replaced: 1  copied blank: 0
[FIXED] G:\Git\bardos-do-mondego\docs\dm\locations\cairn_mountains.md  replaced: 1  copied blank: 0
[FIXED] G:\Git\bardos-do-mondego\docs\dm\locations\casa_dos_greenbottle.md  replaced: 1  copied blank: 0
[FIXED] G:\Git\bardos-do-mondego\docs\dm\locations\castelo_ruina_de_ebano.md  replaced: 1  copied blank: 0
[FIXED] G:\Git\bardos-do-mondego\docs\dm\locations\caverna_das_lagrimas_de_cristal.md  replaced: 1  copied blank: 0
[FIXED] G:\Git\bardos-do-mondego\docs\dm\locations\caverna_dos_dois_postes.md  replaced: 1  copied blank: 0
[FIXED] G:\Git\bardos-do-mondego\docs\dm\locations\caverna_infestada.md  replaced: 1  copied blank: 0
[FIXED] G:\Git\bardos-do-mondego\docs\dm\locations\caverna_submersa.md  replaced: 1  copied blank: 0
[FIXED] G:\Git\bardos-do-mondego\docs\dm\locations\cidade_de_greyhawk.md  replaced: 1  copied blank: 0
[FIXED] G:\Git\bardos-do-mondego\docs\dm\locations\cripta_das_sombras.md  replaced: 1  copied blank: 0
[FIXED] G:\Git\bardos-do-mondego\docs\dm\locations\eribend.md  replaced: 1  copied blank: 0
[FIXED] G:\Git\bardos-do-mondego\docs\dm\locations\esgotos_de_greyhawk.md  replaced: 1  copied blank: 0
[FIXED] G:\Git\bardos-do-mondego\docs\dm\locations\galeria_das_bestas.md  replaced: 1  copied blank: 0
[FIXED] G:\Git\bardos-do-mondego\docs\dm\locations\galeria_dos_lamentos.md  replaced: 1  copied blank: 0
[FIXED] G:\Git\bardos-do-mondego\docs\dm\locations\garden_quarter.md  replaced: 1  copied blank: 0
[FIXED] G:\Git\bardos-do-mondego\docs\dm\locations\garden_quarter_fountain.md  replaced: 1  copied blank: 0
[FIXED] G:\Git\bardos-do-mondego\docs\dm\locations\golden_dragon_tavern.md  replaced: 1  copied blank: 0
[FIXED] G:\Git\bardos-do-mondego\docs\dm\locations\grande_castelo.md  replaced: 1  copied blank: 0
[FIXED] G:\Git\bardos-do-mondego\docs\dm\locations\greyhawk.md  replaced: 1  copied blank: 0
[FIXED] G:\Git\bardos-do-mondego\docs\dm\locations\ilha_da_lua_negra.md  replaced: 1  copied blank: 0
[FIXED] G:\Git\bardos-do-mondego\docs\dm\locations\jardim_greyhawk.md  replaced: 1  copied blank: 0
[FIXED] G:\Git\bardos-do-mondego\docs\dm\locations\laboratorio_do_curador.md  replaced: 1  copied blank: 0
[FIXED] G:\Git\bardos-do-mondego\docs\dm\locations\lago_umbra.md  replaced: 1  copied blank: 0
[FIXED] G:\Git\bardos-do-mondego\docs\dm\locations\loja_olho_de_boccob.md  replaced: 1  copied blank: 0
[FIXED] G:\Git\bardos-do-mondego\docs\dm\locations\mercado_de_greyhawk.md  replaced: 1  copied blank: 0
[FIXED] G:\Git\bardos-do-mondego\docs\dm\locations\mina_de_obsidiana.md  replaced: 1  copied blank: 0
[FIXED] G:\Git\bardos-do-mondego\docs\dm\locations\mirens_hallow.md  replaced: 1  copied blank: 0
[FIXED] G:\Git\bardos-do-mondego\docs\dm\locations\museu_das_maravilhas.md  replaced: 1  copied blank: 0
[FIXED] G:\Git\bardos-do-mondego\docs\dm\locations\museu_das_maravilhas_naturais_e_arcanas_de_greyhawk.md  replaced: 1  copied blank: 0
[FIXED] G:\Git\bardos-do-mondego\docs\dm\locations\nave_illithid.md  replaced: 1  copied blank: 0
[FIXED] G:\Git\bardos-do-mondego\docs\dm\locations\nave_mae_illithid.md  replaced: 1  copied blank: 0
[FIXED] G:\Git\bardos-do-mondego\docs\dm\locations\outros_distritos_greyhawk.md  replaced: 1  copied blank: 0
[FIXED] G:\Git\bardos-do-mondego\docs\dm\locations\parque_da_cidade.md  replaced: 1  copied blank: 0
[FIXED] G:\Git\bardos-do-mondego\docs\dm\locations\refugio_do_errante.md  replaced: 1  copied blank: 0
[FIXED] G:\Git\bardos-do-mondego\docs\dm\locations\riacho_subterraneo.md  replaced: 1  copied blank: 0
[FIXED] G:\Git\bardos-do-mondego\docs\dm\locations\ruinas_das_sombras.md  replaced: 1  copied blank: 0
[FIXED] G:\Git\bardos-do-mondego\docs\dm\locations\ruinas_do_forte_da_casa_vanthir.md  replaced: 1  copied blank: 0
[FIXED] G:\Git\bardos-do-mondego\docs\dm\locations\sapolandia.md  replaced: 1  copied blank: 0
[FIXED] G:\Git\bardos-do-mondego\docs\dm\locations\taberna_da_trixie.md  replaced: 1  copied blank: 0
[FIXED] G:\Git\bardos-do-mondego\docs\dm\locations\taberna_golden_dragon.md  replaced: 1  copied blank: 0
[FIXED] G:\Git\bardos-do-mondego\docs\dm\locations\taberna_machado_quebrado.md  replaced: 1  copied blank: 0
[FIXED] G:\Git\bardos-do-mondego\docs\dm\locations\taberna_sombra_de_agua.md  replaced: 1  copied blank: 0
[FIXED] G:\Git\bardos-do-mondego\docs\dm\locations\taverna.md  replaced: 1  copied blank: 0
[FIXED] G:\Git\bardos-do-mondego\docs\dm\locations\templo_abandonado_kobold.md  replaced: 1  copied blank: 0
[FIXED] G:\Git\bardos-do-mondego\docs\dm\locations\templo_ordem_de_scarlat.md  replaced: 1  copied blank: 0
[FIXED] G:\Git\bardos-do-mondego\docs\dm\locations\torre_do_eclipse.md  replaced: 1  copied blank: 0
[FIXED] G:\Git\bardos-do-mondego\docs\dm\locations\universidade_de_artes_magicas.md  replaced: 1  copied blank: 0
[FIXED] G:\Git\bardos-do-mondego\docs\dm\locations\vale_de_lytharien.md  replaced: 1  copied blank: 0
[FIXED] G:\Git\bardos-do-mondego\docs\dm\locations\vale_do_vento_sombrio.md  replaced: 1  copied blank: 0
[FIXED] G:\Git\bardos-do-mondego\docs\dm\locations\vila_de_pessegueiro.md  replaced: 1  copied blank: 0
[FIXED] G:\Git\bardos-do-mondego\docs\dm\locations\vila_de_vauria.md  replaced: 1  copied blank: 0